<?xml version="1.0" encoding="UTF-8"?>
<!-- Generated by org.testng.reporters.JUnitReportReporter -->
<testsuite skipped="0" hostname="LAPTOP-167EL1EP" name="Test.testM.automation" tests="1" failures="0" timestamp="06 Mar 2019 06:17:58 GMT" time="2.492" errors="0">
  <testcase name="verif_string" time="2.492" classname="Test.testM.automation"/>
</testsuite> <!-- Test.testM.automation -->
